<?xml version="1.0" encoding="UTF-8"?>
<!-- Generated by org.testng.reporters.JUnitReportReporter -->
<testsuite hostname="BhargavMogali" failures="0" tests="1" name="jenkins.firstproject" time="4.944" errors="0" timestamp="2024-05-01T13:06:50 IST" skipped="0">
  <testcase classname="jenkins.firstproject" name="test" time="4.944"/>
  <system-out/>
</testsuite> <!-- jenkins.firstproject -->
